<?xml version="1.0" encoding="UTF-8"?>
<testng-results ignored="0" total="1" passed="1" failed="0" skipped="0">
  <reporter-output>
  </reporter-output>
  <suite started-at="2023-06-14T11:26:56 IST" name="Default suite" finished-at="2023-06-14T11:27:00 IST" duration-ms="4390">
    <groups>
    </groups>
    <test started-at="2023-06-14T11:26:56 IST" name="Default test" finished-at="2023-06-14T11:27:00 IST" duration-ms="4390">
      <class name="Performance_Testing.Headless_Testing">
        <test-method signature="headless_Browser()[pri:0, instance:Performance_Testing.Headless_Testing@3f6f6701]" started-at="2023-06-14T11:26:56 IST" name="headless_Browser" finished-at="2023-06-14T11:27:00 IST" duration-ms="4366" status="PASS">
          <reporter-output>
          </reporter-output>
        </test-method> <!-- headless_Browser -->
      </class> <!-- Performance_Testing.Headless_Testing -->
    </test> <!-- Default test -->
  </suite> <!-- Default suite -->
</testng-results>
