<?xml version="1.0" encoding="UTF-8"?>
<!-- Generated by org.testng.reporters.JUnitXMLReporter -->
<testsuite ignored="1" hostname="TYSS-Manoj" failures="0" tests="4" name="Default test" time="0.101" errors="0" timestamp="2024-05-25T15:48:36 IST">
  <testcase classname="SampleTestNG.Helper_Attrubutes_Of_TestNG" name="MobileHomeLoneLogin" time="0.013"/>
  <testcase classname="SampleTestNG.Helper_Attrubutes_Of_TestNG" name="webHomeLone" time="0.002"/>
  <testcase classname="SampleTestNG.Helper_Attrubutes_Of_TestNG" name="MobileHomeLoneSignOut" time="0.004"/>
  <testcase classname="SampleTestNG.Helper_Attrubutes_Of_TestNG" name="MobileHomeLoneSignIn" time="0.005"/>
  <testcase classname="SampleTestNG.Helper_Attrubutes_Of_TestNG" name="APIHomeLone" time="0.0">
    <ignored/>
  </testcase> <!-- APIHomeLone -->
</testsuite> <!-- Default test -->
