<?xml version="1.0" encoding="UTF-8"?>
<testng-results ignored="0" total="2" passed="2" failed="0" skipped="0">
  <reporter-output>
  </reporter-output>
  <suite started-at="2023-05-31T09:29:21 IST" name="Default suite" finished-at="2023-05-31T09:29:21 IST" duration-ms="47">
    <groups>
    </groups>
    <test started-at="2023-05-31T09:29:21 IST" name="Default test" finished-at="2023-05-31T09:29:21 IST" duration-ms="47">
      <class name="SeleniumWithMaven.AppiumTest">
        <test-method signature="androidmob()[pri:0, instance:SeleniumWithMaven.AppiumTest@12aba8be]" started-at="2023-05-31T09:29:21 IST" name="androidmob" finished-at="2023-05-31T09:29:21 IST" duration-ms="8" status="PASS">
          <reporter-output>
          </reporter-output>
        </test-method> <!-- androidmob -->
        <test-method signature="iosmob()[pri:0, instance:SeleniumWithMaven.AppiumTest@12aba8be]" started-at="2023-05-31T09:29:21 IST" name="iosmob" finished-at="2023-05-31T09:29:21 IST" duration-ms="1" status="PASS">
          <reporter-output>
          </reporter-output>
        </test-method> <!-- iosmob -->
      </class> <!-- SeleniumWithMaven.AppiumTest -->
    </test> <!-- Default test -->
  </suite> <!-- Default suite -->
</testng-results>
