<?xml version="1.0" encoding="UTF-8"?>
<!-- Generated by org.testng.reporters.JUnitXMLReporter -->
<testsuite ignored="0" hostname="TYSS-Manoj" failures="0" tests="3" name="Regression1" time="0.026" errors="0" timestamp="2023-04-26T14:43:12 IST">
  <testcase classname="SampleTestNG.Parametrs2" name="MobileHomeLoneLogin" time="0.002"/>
  <testcase classname="SampleTestNG.Parametrs2" name="APIHomeLone" time="0.003"/>
  <testcase classname="SampleTestNG.Parametrs2" name="webHomeLone" time="0.002"/>
</testsuite> <!-- Regression1 -->
