<?xml version="1.0" encoding="UTF-8"?>
<!-- Generated by org.testng.reporters.JUnitXMLReporter -->
<testsuite ignored="5" hostname="TYSS-Manoj" failures="0" tests="3" name="Regression" time="0.048" errors="0" timestamp="2024-05-25T13:16:04 IST">
  <testcase classname="SampleTestNG.HomeLone" name="MobileHomeLoneSignIn" time="0.011"/>
  <testcase classname="SampleTestNG.HomeLone" name="webHomeLone" time="0.001"/>
  <testcase classname="SampleTestNG.CarLone" name="APICarLone" time="0.0"/>
  <testcase classname="SampleTestNG.HomeLone" name="MobileHomeLoneSignOut" time="0.0">
    <ignored/>
  </testcase> <!-- MobileHomeLoneSignOut -->
  <testcase classname="SampleTestNG.CarLone" name="MobileCarLone" time="0.0">
    <ignored/>
  </testcase> <!-- MobileCarLone -->
  <testcase classname="SampleTestNG.HomeLone" name="MobileHomeLoneLogin" time="0.0">
    <ignored/>
  </testcase> <!-- MobileHomeLoneLogin -->
  <testcase classname="SampleTestNG.HomeLone" name="APIHomeLone" time="0.0">
    <ignored/>
  </testcase> <!-- APIHomeLone -->
  <testcase classname="SampleTestNG.CarLone" name="webCarLone" time="0.0">
    <ignored/>
  </testcase> <!-- webCarLone -->
</testsuite> <!-- Regression -->
