<?xml version="1.0" encoding="UTF-8"?>
<!-- Generated by org.testng.reporters.JUnitXMLReporter -->
<testsuite ignored="0" hostname="TYSS-Manoj" failures="0" tests="3" name="Car lone" time="0.004" errors="0" timestamp="2023-04-22T21:57:51 IST">
  <testcase classname="SampleTestNG.CarLone" name="APICarLone" time="0.001"/>
  <testcase classname="SampleTestNG.CarLone" name="MobileCarLone" time="0.001"/>
  <testcase classname="SampleTestNG.CarLone" name="webCarLone" time="0.001"/>
</testsuite> <!-- Car lone -->
