<?xml version="1.0" encoding="UTF-8"?>
<!-- Generated by org.testng.reporters.JUnitXMLReporter -->
<testsuite ignored="0" hostname="TYSS-Manoj" failures="0" tests="3" name="CarLone" time="0.027" errors="0" timestamp="2023-05-21T17:24:20 IST">
  <testcase classname="SampleTestNG.CarLone" name="APICarLone" time="0.002"/>
  <testcase classname="SampleTestNG.CarLone" name="MobileCarLone" time="0.003"/>
  <testcase classname="SampleTestNG.CarLone" name="webCarLone" time="0.003"/>
</testsuite> <!-- CarLone -->
