<?xml version="1.0" encoding="UTF-8"?>
<!-- Generated by org.testng.reporters.JUnitXMLReporter -->
<testsuite ignored="0" hostname="TYSS-Manoj" failures="0" tests="5" name="HomeLone" time="0.1" errors="0" timestamp="2023-05-21T17:24:20 IST">
  <testcase classname="SampleTestNG.HomeLone" name="APIHomeLone" time="0.01"/>
  <testcase classname="SampleTestNG.HomeLone" name="MobileHomeLoneLogin" time="0.002"/>
  <testcase classname="SampleTestNG.HomeLone" name="MobileHomeLoneSignIn" time="0.002"/>
  <testcase classname="SampleTestNG.HomeLone" name="MobileHomeLoneSignOut" time="0.001"/>
  <testcase classname="SampleTestNG.HomeLone" name="webHomeLone" time="0.003"/>
</testsuite> <!-- HomeLone -->
