<?xml version="1.0" encoding="UTF-8"?>
<!-- Generated by org.testng.reporters.JUnitXMLReporter -->
<testsuite ignored="0" hostname="TYSS-Manoj" failures="0" tests="3" name="Home lone" time="0.006" errors="0" timestamp="2023-04-22T21:57:51 IST">
  <testcase classname="SampleTestNG.HomeLone" name="APIHomeLone" time="0.0"/>
  <testcase classname="SampleTestNG.HomeLone" name="MobileHomeLone" time="0.001"/>
  <testcase classname="SampleTestNG.HomeLone" name="webHomeLone" time="0.001"/>
</testsuite> <!-- Home lone -->
