<?xml version="1.0" encoding="UTF-8"?>
<testng-results ignored="0" total="3" passed="3" failed="0" skipped="0">
  <reporter-output>
  </reporter-output>
  <suite started-at="2024-05-02T17:12:50 IST" name="Suite" finished-at="2024-05-02T17:13:25 IST" duration-ms="34732">
    <groups>
    </groups>
    <test started-at="2024-05-02T17:12:50 IST" name="Test" finished-at="2024-05-02T17:13:00 IST" duration-ms="9785">
      <class name="TestCase.homePage">
        <test-method is-config="true" signature="openBrowser()[pri:0, instance:TestCase.homePage@1e5f4170]" started-at="2024-05-02T17:12:50 IST" name="openBrowser" finished-at="2024-05-02T17:12:55 IST" duration-ms="4810" status="PASS">
          <reporter-output>
          </reporter-output>
        </test-method> <!-- openBrowser -->
        <test-method signature="LangingOnHomePage(java.lang.String,java.lang.String)[pri:0, instance:TestCase.homePage@1e5f4170]" started-at="2024-05-02T17:12:55 IST" name="LangingOnHomePage" data-provider="getData" finished-at="2024-05-02T17:12:59 IST" duration-ms="4666" status="PASS">
          <params>
            <param index="0">
              <value>
                <![CDATA[Manoj]]>
              </value>
            </param>
            <param index="1">
              <value>
                <![CDATA[manojbalsubramaniyam4488]]>
              </value>
            </param>
          </params>
          <reporter-output>
          </reporter-output>
        </test-method> <!-- LangingOnHomePage -->
        <test-method is-config="true" signature="closeBrowser()[pri:0, instance:TestCase.homePage@1e5f4170]" started-at="2024-05-02T17:12:59 IST" name="closeBrowser" finished-at="2024-05-02T17:13:00 IST" duration-ms="246" status="PASS">
          <reporter-output>
          </reporter-output>
        </test-method> <!-- closeBrowser -->
      </class> <!-- TestCase.homePage -->
    </test> <!-- Test -->
    <test started-at="2024-05-02T17:13:00 IST" name="Test1" finished-at="2024-05-02T17:13:17 IST" duration-ms="17532">
      <class name="TestCase.validateTitle">
        <test-method is-config="true" signature="openBrowser()[pri:0, instance:TestCase.validateTitle@332a7fce]" started-at="2024-05-02T17:13:00 IST" name="openBrowser" finished-at="2024-05-02T17:13:17 IST" duration-ms="16964" status="PASS">
          <reporter-output>
          </reporter-output>
        </test-method> <!-- openBrowser -->
        <test-method signature="validateTitles()[pri:0, instance:TestCase.validateTitle@332a7fce]" started-at="2024-05-02T17:13:17 IST" name="validateTitles" finished-at="2024-05-02T17:13:17 IST" duration-ms="202" status="PASS">
          <reporter-output>
          </reporter-output>
        </test-method> <!-- validateTitles -->
        <test-method is-config="true" signature="closeBrowser()[pri:0, instance:TestCase.validateTitle@332a7fce]" started-at="2024-05-02T17:13:17 IST" name="closeBrowser" finished-at="2024-05-02T17:13:17 IST" duration-ms="334" status="PASS">
          <reporter-output>
          </reporter-output>
        </test-method> <!-- closeBrowser -->
      </class> <!-- TestCase.validateTitle -->
    </test> <!-- Test1 -->
    <test started-at="2024-05-02T17:13:17 IST" name="Test2" finished-at="2024-05-02T17:13:25 IST" duration-ms="7367">
      <class name="TestCase.validateTitle2">
        <test-method is-config="true" signature="openBrowser()[pri:0, instance:TestCase.validateTitle2@293bb8a5]" started-at="2024-05-02T17:13:17 IST" name="openBrowser" finished-at="2024-05-02T17:13:24 IST" duration-ms="6963" status="PASS">
          <reporter-output>
          </reporter-output>
        </test-method> <!-- openBrowser -->
        <test-method signature="validateTitles()[pri:0, instance:TestCase.validateTitle2@293bb8a5]" started-at="2024-05-02T17:13:24 IST" name="validateTitles" finished-at="2024-05-02T17:13:24 IST" duration-ms="114" status="PASS">
          <reporter-output>
          </reporter-output>
        </test-method> <!-- validateTitles -->
        <test-method is-config="true" signature="closeBrowser()[pri:0, instance:TestCase.validateTitle2@293bb8a5]" started-at="2024-05-02T17:13:24 IST" name="closeBrowser" finished-at="2024-05-02T17:13:25 IST" duration-ms="266" status="PASS">
          <reporter-output>
          </reporter-output>
        </test-method> <!-- closeBrowser -->
      </class> <!-- TestCase.validateTitle2 -->
    </test> <!-- Test2 -->
  </suite> <!-- Suite -->
</testng-results>
