<?xml version="1.0" encoding="UTF-8"?>
<!-- Generated by org.testng.reporters.JUnitXMLReporter -->
<testsuite ignored="0" hostname="TYSS-Manoj" failures="1" tests="2" name="Test" time="0.104" errors="0" timestamp="2023-05-18T19:09:13 IST">
  <testcase classname="SampleTestNG.TestListeners" name="test" time="0.013"/>
  <testcase classname="SampleTestNG.TestListeners" name="test1" time="0.012">
    <failure type="java.lang.AssertionError" message="expected [true] but found [false]">
      <![CDATA[java.lang.AssertionError: expected [true] but found [false]
at SampleTestNG.TestListeners.test1(TestListeners.java:16)
at java.base/java.util.ArrayList.forEach(ArrayList.java:1511)
... Removed 31 stack frames]]>
    </failure>
  </testcase> <!-- test1 -->
</testsuite> <!-- Test -->
